<?xml version="1.0" encoding="UTF-8"?>
<testsuite xmlns:xsi="http://www.w3.org/2001/XMLSchema-instance" xsi:noNamespaceSchemaLocation="https://maven.apache.org/surefire/maven-surefire-plugin/xsd/surefire-test-report-3.0.xsd" version="3.0" name="com.academichub.server.AcademicHubApplicationTests" time="10.473" tests="1" errors="0" skipped="0" failures="0">
  <properties>
    <property name="java.specification.version" value="20"/>
    <property name="sun.cpu.isalist" value="amd64"/>
    <property name="sun.jnu.encoding" value="Cp1252"/>
    <property name="java.class.path" value="E:\College\Projects\AcademicHub\server\target\test-classes;E:\College\Projects\AcademicHub\server\target\classes;C:\Users\PRAVEEN\.m2\repository\org\springframework\boot\spring-boot-starter-data-jdbc\3.2.0-M2\spring-boot-starter-data-jdbc-3.2.0-M2.jar;C:\Users\PRAVEEN\.m2\repository\org\springframework\boot\spring-boot-starter-jdbc\3.2.0-M2\spring-boot-starter-jdbc-3.2.0-M2.jar;C:\Users\PRAVEEN\.m2\repository\com\zaxxer\HikariCP\5.0.1\HikariCP-5.0.1.jar;C:\Users\PRAVEEN\.m2\repository\org\springframework\spring-jdbc\6.1.0-M4\spring-jdbc-6.1.0-M4.jar;C:\Users\PRAVEEN\.m2\repository\org\springframework\data\spring-data-jdbc\3.2.0-M2\spring-data-jdbc-3.2.0-M2.jar;C:\Users\PRAVEEN\.m2\repository\org\springframework\data\spring-data-relational\3.2.0-M2\spring-data-relational-3.2.0-M2.jar;C:\Users\PRAVEEN\.m2\repository\com\github\jsqlparser\jsqlparser\4.6\jsqlparser-4.6.jar;C:\Users\PRAVEEN\.m2\repository\org\springframework\data\spring-data-commons\3.2.0-M2\spring-data-commons-3.2.0-M2.jar;C:\Users\PRAVEEN\.m2\repository\org\springframework\spring-tx\6.1.0-M4\spring-tx-6.1.0-M4.jar;C:\Users\PRAVEEN\.m2\repository\org\springframework\spring-context\6.1.0-M4\spring-context-6.1.0-M4.jar;C:\Users\PRAVEEN\.m2\repository\org\springframework\spring-beans\6.1.0-M4\spring-beans-6.1.0-M4.jar;C:\Users\PRAVEEN\.m2\repository\org\slf4j\slf4j-api\2.0.7\slf4j-api-2.0.7.jar;C:\Users\PRAVEEN\.m2\repository\org\springframework\boot\spring-boot-starter-data-jpa\3.2.0-M2\spring-boot-starter-data-jpa-3.2.0-M2.jar;C:\Users\PRAVEEN\.m2\repository\org\springframework\boot\spring-boot-starter-aop\3.2.0-M2\spring-boot-starter-aop-3.2.0-M2.jar;C:\Users\PRAVEEN\.m2\repository\org\springframework\spring-aop\6.1.0-M4\spring-aop-6.1.0-M4.jar;C:\Users\PRAVEEN\.m2\repository\org\aspectj\aspectjweaver\1.9.20\aspectjweaver-1.9.20.jar;C:\Users\PRAVEEN\.m2\repository\org\hibernate\orm\hibernate-core\6.2.7.Final\hibernate-core-6.2.7.Final.jar;C:\Users\PRAVEEN\.m2\repository\jakarta\persistence\jakarta.persistence-api\3.1.0\jakarta.persistence-api-3.1.0.jar;C:\Users\PRAVEEN\.m2\repository\jakarta\transaction\jakarta.transaction-api\2.0.1\jakarta.transaction-api-2.0.1.jar;C:\Users\PRAVEEN\.m2\repository\org\jboss\logging\jboss-logging\3.5.3.Final\jboss-logging-3.5.3.Final.jar;C:\Users\PRAVEEN\.m2\repository\org\hibernate\common\hibernate-commons-annotations\6.0.6.Final\hibernate-commons-annotations-6.0.6.Final.jar;C:\Users\PRAVEEN\.m2\repository\io\smallrye\jandex\3.0.5\jandex-3.0.5.jar;C:\Users\PRAVEEN\.m2\repository\com\fasterxml\classmate\1.5.1\classmate-1.5.1.jar;C:\Users\PRAVEEN\.m2\repository\net\bytebuddy\byte-buddy\1.14.6\byte-buddy-1.14.6.jar;C:\Users\PRAVEEN\.m2\repository\org\glassfish\jaxb\jaxb-runtime\4.0.3\jaxb-runtime-4.0.3.jar;C:\Users\PRAVEEN\.m2\repository\org\glassfish\jaxb\jaxb-core\4.0.3\jaxb-core-4.0.3.jar;C:\Users\PRAVEEN\.m2\repository\org\eclipse\angus\angus-activation\2.0.1\angus-activation-2.0.1.jar;C:\Users\PRAVEEN\.m2\repository\org\glassfish\jaxb\txw2\4.0.3\txw2-4.0.3.jar;C:\Users\PRAVEEN\.m2\repository\com\sun\istack\istack-commons-runtime\4.1.2\istack-commons-runtime-4.1.2.jar;C:\Users\PRAVEEN\.m2\repository\jakarta\inject\jakarta.inject-api\2.0.1\jakarta.inject-api-2.0.1.jar;C:\Users\PRAVEEN\.m2\repository\org\antlr\antlr4-runtime\4.10.1\antlr4-runtime-4.10.1.jar;C:\Users\PRAVEEN\.m2\repository\org\springframework\data\spring-data-jpa\3.2.0-M2\spring-data-jpa-3.2.0-M2.jar;C:\Users\PRAVEEN\.m2\repository\org\springframework\spring-orm\6.1.0-M4\spring-orm-6.1.0-M4.jar;C:\Users\PRAVEEN\.m2\repository\jakarta\annotation\jakarta.annotation-api\2.1.1\jakarta.annotation-api-2.1.1.jar;C:\Users\PRAVEEN\.m2\repository\org\springframework\spring-aspects\6.1.0-M4\spring-aspects-6.1.0-M4.jar;C:\Users\PRAVEEN\.m2\repository\org\springframework\boot\spring-boot-starter-web\3.2.0-M2\spring-boot-starter-web-3.2.0-M2.jar;C:\Users\PRAVEEN\.m2\repository\org\springframework\boot\spring-boot-starter\3.2.0-M2\spring-boot-starter-3.2.0-M2.jar;C:\Users\PRAVEEN\.m2\repository\org\springframework\boot\spring-boot\3.2.0-M2\spring-boot-3.2.0-M2.jar;C:\Users\PRAVEEN\.m2\repository\org\springframework\boot\spring-boot-autoconfigure\3.2.0-M2\spring-boot-autoconfigure-3.2.0-M2.jar;C:\Users\PRAVEEN\.m2\repository\org\springframework\boot\spring-boot-starter-logging\3.2.0-M2\spring-boot-starter-logging-3.2.0-M2.jar;C:\Users\PRAVEEN\.m2\repository\ch\qos\logback\logback-classic\1.4.11\logback-classic-1.4.11.jar;C:\Users\PRAVEEN\.m2\repository\ch\qos\logback\logback-core\1.4.11\logback-core-1.4.11.jar;C:\Users\PRAVEEN\.m2\repository\org\apache\logging\log4j\log4j-to-slf4j\2.20.0\log4j-to-slf4j-2.20.0.jar;C:\Users\PRAVEEN\.m2\repository\org\apache\logging\log4j\log4j-api\2.20.0\log4j-api-2.20.0.jar;C:\Users\PRAVEEN\.m2\repository\org\slf4j\jul-to-slf4j\2.0.7\jul-to-slf4j-2.0.7.jar;C:\Users\PRAVEEN\.m2\repository\org\yaml\snakeyaml\2.1\snakeyaml-2.1.jar;C:\Users\PRAVEEN\.m2\repository\org\springframework\boot\spring-boot-starter-json\3.2.0-M2\spring-boot-starter-json-3.2.0-M2.jar;C:\Users\PRAVEEN\.m2\repository\com\fasterxml\jackson\core\jackson-databind\2.15.2\jackson-databind-2.15.2.jar;C:\Users\PRAVEEN\.m2\repository\com\fasterxml\jackson\core\jackson-annotations\2.15.2\jackson-annotations-2.15.2.jar;C:\Users\PRAVEEN\.m2\repository\com\fasterxml\jackson\core\jackson-core\2.15.2\jackson-core-2.15.2.jar;C:\Users\PRAVEEN\.m2\repository\com\fasterxml\jackson\datatype\jackson-datatype-jdk8\2.15.2\jackson-datatype-jdk8-2.15.2.jar;C:\Users\PRAVEEN\.m2\repository\com\fasterxml\jackson\datatype\jackson-datatype-jsr310\2.15.2\jackson-datatype-jsr310-2.15.2.jar;C:\Users\PRAVEEN\.m2\repository\com\fasterxml\jackson\module\jackson-module-parameter-names\2.15.2\jackson-module-parameter-names-2.15.2.jar;C:\Users\PRAVEEN\.m2\repository\org\springframework\boot\spring-boot-starter-tomcat\3.2.0-M2\spring-boot-starter-tomcat-3.2.0-M2.jar;C:\Users\PRAVEEN\.m2\repository\org\apache\tomcat\embed\tomcat-embed-core\10.1.12\tomcat-embed-core-10.1.12.jar;C:\Users\PRAVEEN\.m2\repository\org\apache\tomcat\embed\tomcat-embed-el\10.1.12\tomcat-embed-el-10.1.12.jar;C:\Users\PRAVEEN\.m2\repository\org\apache\tomcat\embed\tomcat-embed-websocket\10.1.12\tomcat-embed-websocket-10.1.12.jar;C:\Users\PRAVEEN\.m2\repository\org\springframework\spring-web\6.1.0-M4\spring-web-6.1.0-M4.jar;C:\Users\PRAVEEN\.m2\repository\io\micrometer\micrometer-observation\1.12.0-M2\micrometer-observation-1.12.0-M2.jar;C:\Users\PRAVEEN\.m2\repository\io\micrometer\micrometer-commons\1.12.0-M2\micrometer-commons-1.12.0-M2.jar;C:\Users\PRAVEEN\.m2\repository\org\springframework\spring-webmvc\6.1.0-M4\spring-webmvc-6.1.0-M4.jar;C:\Users\PRAVEEN\.m2\repository\org\springframework\spring-expression\6.1.0-M4\spring-expression-6.1.0-M4.jar;C:\Users\PRAVEEN\.m2\repository\org\postgresql\postgresql\42.6.0\postgresql-42.6.0.jar;C:\Users\PRAVEEN\.m2\repository\org\checkerframework\checker-qual\3.31.0\checker-qual-3.31.0.jar;C:\Users\PRAVEEN\.m2\repository\org\springframework\boot\spring-boot-starter-test\3.2.0-M2\spring-boot-starter-test-3.2.0-M2.jar;C:\Users\PRAVEEN\.m2\repository\org\springframework\boot\spring-boot-test\3.2.0-M2\spring-boot-test-3.2.0-M2.jar;C:\Users\PRAVEEN\.m2\repository\org\springframework\boot\spring-boot-test-autoconfigure\3.2.0-M2\spring-boot-test-autoconfigure-3.2.0-M2.jar;C:\Users\PRAVEEN\.m2\repository\com\jayway\jsonpath\json-path\2.8.0\json-path-2.8.0.jar;C:\Users\PRAVEEN\.m2\repository\jakarta\xml\bind\jakarta.xml.bind-api\4.0.0\jakarta.xml.bind-api-4.0.0.jar;C:\Users\PRAVEEN\.m2\repository\jakarta\activation\jakarta.activation-api\2.1.2\jakarta.activation-api-2.1.2.jar;C:\Users\PRAVEEN\.m2\repository\net\minidev\json-smart\2.5.0\json-smart-2.5.0.jar;C:\Users\PRAVEEN\.m2\repository\net\minidev\accessors-smart\2.5.0\accessors-smart-2.5.0.jar;C:\Users\PRAVEEN\.m2\repository\org\ow2\asm\asm\9.3\asm-9.3.jar;C:\Users\PRAVEEN\.m2\repository\org\assertj\assertj-core\3.24.2\assertj-core-3.24.2.jar;C:\Users\PRAVEEN\.m2\repository\org\hamcrest\hamcrest\2.2\hamcrest-2.2.jar;C:\Users\PRAVEEN\.m2\repository\org\junit\jupiter\junit-jupiter\5.10.0\junit-jupiter-5.10.0.jar;C:\Users\PRAVEEN\.m2\repository\org\junit\jupiter\junit-jupiter-api\5.10.0\junit-jupiter-api-5.10.0.jar;C:\Users\PRAVEEN\.m2\repository\org\opentest4j\opentest4j\1.3.0\opentest4j-1.3.0.jar;C:\Users\PRAVEEN\.m2\repository\org\junit\platform\junit-platform-commons\1.10.0\junit-platform-commons-1.10.0.jar;C:\Users\PRAVEEN\.m2\repository\org\apiguardian\apiguardian-api\1.1.2\apiguardian-api-1.1.2.jar;C:\Users\PRAVEEN\.m2\repository\org\junit\jupiter\junit-jupiter-params\5.10.0\junit-jupiter-params-5.10.0.jar;C:\Users\PRAVEEN\.m2\repository\org\junit\jupiter\junit-jupiter-engine\5.10.0\junit-jupiter-engine-5.10.0.jar;C:\Users\PRAVEEN\.m2\repository\org\junit\platform\junit-platform-engine\1.10.0\junit-platform-engine-1.10.0.jar;C:\Users\PRAVEEN\.m2\repository\org\mockito\mockito-core\5.5.0\mockito-core-5.5.0.jar;C:\Users\PRAVEEN\.m2\repository\net\bytebuddy\byte-buddy-agent\1.14.6\byte-buddy-agent-1.14.6.jar;C:\Users\PRAVEEN\.m2\repository\org\objenesis\objenesis\3.3\objenesis-3.3.jar;C:\Users\PRAVEEN\.m2\repository\org\mockito\mockito-junit-jupiter\5.5.0\mockito-junit-jupiter-5.5.0.jar;C:\Users\PRAVEEN\.m2\repository\org\skyscreamer\jsonassert\1.5.1\jsonassert-1.5.1.jar;C:\Users\PRAVEEN\.m2\repository\com\vaadin\external\google\android-json\0.0.20131108.vaadin1\android-json-0.0.20131108.vaadin1.jar;C:\Users\PRAVEEN\.m2\repository\org\springframework\spring-core\6.1.0-M4\spring-core-6.1.0-M4.jar;C:\Users\PRAVEEN\.m2\repository\org\springframework\spring-jcl\6.1.0-M4\spring-jcl-6.1.0-M4.jar;C:\Users\PRAVEEN\.m2\repository\org\springframework\spring-test\6.1.0-M4\spring-test-6.1.0-M4.jar;C:\Users\PRAVEEN\.m2\repository\org\xmlunit\xmlunit-core\2.9.1\xmlunit-core-2.9.1.jar;"/>
    <property name="java.vm.vendor" value="Oracle Corporation"/>
    <property name="sun.arch.data.model" value="64"/>
    <property name="user.variant" value=""/>
    <property name="java.vendor.url" value="https://java.oracle.com/"/>
    <property name="user.timezone" value="Asia/Calcutta"/>
    <property name="org.jboss.logging.provider" value="slf4j"/>
    <property name="os.name" value="Windows 10"/>
    <property name="java.vm.specification.version" value="20"/>
    <property name="sun.java.launcher" value="SUN_STANDARD"/>
    <property name="user.country" value="IN"/>
    <property name="sun.boot.library.path" value="C:\Program Files\Java\jdk-20\bin"/>
    <property name="sun.java.command" value="C:\Users\PRAVEEN\AppData\Local\Temp\surefire2311223540878001140\surefirebooter-20231016074826025_3.jar C:\Users\PRAVEEN\AppData\Local\Temp\surefire2311223540878001140 2023-10-16T07-48-25_868-jvmRun1 surefire-20231016074826025_1tmp surefire_0-20231016074826025_2tmp"/>
    <property name="jdk.debug" value="release"/>
    <property name="surefire.test.class.path" value="E:\College\Projects\AcademicHub\server\target\test-classes;E:\College\Projects\AcademicHub\server\target\classes;C:\Users\PRAVEEN\.m2\repository\org\springframework\boot\spring-boot-starter-data-jdbc\3.2.0-M2\spring-boot-starter-data-jdbc-3.2.0-M2.jar;C:\Users\PRAVEEN\.m2\repository\org\springframework\boot\spring-boot-starter-jdbc\3.2.0-M2\spring-boot-starter-jdbc-3.2.0-M2.jar;C:\Users\PRAVEEN\.m2\repository\com\zaxxer\HikariCP\5.0.1\HikariCP-5.0.1.jar;C:\Users\PRAVEEN\.m2\repository\org\springframework\spring-jdbc\6.1.0-M4\spring-jdbc-6.1.0-M4.jar;C:\Users\PRAVEEN\.m2\repository\org\springframework\data\spring-data-jdbc\3.2.0-M2\spring-data-jdbc-3.2.0-M2.jar;C:\Users\PRAVEEN\.m2\repository\org\springframework\data\spring-data-relational\3.2.0-M2\spring-data-relational-3.2.0-M2.jar;C:\Users\PRAVEEN\.m2\repository\com\github\jsqlparser\jsqlparser\4.6\jsqlparser-4.6.jar;C:\Users\PRAVEEN\.m2\repository\org\springframework\data\spring-data-commons\3.2.0-M2\spring-data-commons-3.2.0-M2.jar;C:\Users\PRAVEEN\.m2\repository\org\springframework\spring-tx\6.1.0-M4\spring-tx-6.1.0-M4.jar;C:\Users\PRAVEEN\.m2\repository\org\springframework\spring-context\6.1.0-M4\spring-context-6.1.0-M4.jar;C:\Users\PRAVEEN\.m2\repository\org\springframework\spring-beans\6.1.0-M4\spring-beans-6.1.0-M4.jar;C:\Users\PRAVEEN\.m2\repository\org\slf4j\slf4j-api\2.0.7\slf4j-api-2.0.7.jar;C:\Users\PRAVEEN\.m2\repository\org\springframework\boot\spring-boot-starter-data-jpa\3.2.0-M2\spring-boot-starter-data-jpa-3.2.0-M2.jar;C:\Users\PRAVEEN\.m2\repository\org\springframework\boot\spring-boot-starter-aop\3.2.0-M2\spring-boot-starter-aop-3.2.0-M2.jar;C:\Users\PRAVEEN\.m2\repository\org\springframework\spring-aop\6.1.0-M4\spring-aop-6.1.0-M4.jar;C:\Users\PRAVEEN\.m2\repository\org\aspectj\aspectjweaver\1.9.20\aspectjweaver-1.9.20.jar;C:\Users\PRAVEEN\.m2\repository\org\hibernate\orm\hibernate-core\6.2.7.Final\hibernate-core-6.2.7.Final.jar;C:\Users\PRAVEEN\.m2\repository\jakarta\persistence\jakarta.persistence-api\3.1.0\jakarta.persistence-api-3.1.0.jar;C:\Users\PRAVEEN\.m2\repository\jakarta\transaction\jakarta.transaction-api\2.0.1\jakarta.transaction-api-2.0.1.jar;C:\Users\PRAVEEN\.m2\repository\org\jboss\logging\jboss-logging\3.5.3.Final\jboss-logging-3.5.3.Final.jar;C:\Users\PRAVEEN\.m2\repository\org\hibernate\common\hibernate-commons-annotations\6.0.6.Final\hibernate-commons-annotations-6.0.6.Final.jar;C:\Users\PRAVEEN\.m2\repository\io\smallrye\jandex\3.0.5\jandex-3.0.5.jar;C:\Users\PRAVEEN\.m2\repository\com\fasterxml\classmate\1.5.1\classmate-1.5.1.jar;C:\Users\PRAVEEN\.m2\repository\net\bytebuddy\byte-buddy\1.14.6\byte-buddy-1.14.6.jar;C:\Users\PRAVEEN\.m2\repository\org\glassfish\jaxb\jaxb-runtime\4.0.3\jaxb-runtime-4.0.3.jar;C:\Users\PRAVEEN\.m2\repository\org\glassfish\jaxb\jaxb-core\4.0.3\jaxb-core-4.0.3.jar;C:\Users\PRAVEEN\.m2\repository\org\eclipse\angus\angus-activation\2.0.1\angus-activation-2.0.1.jar;C:\Users\PRAVEEN\.m2\repository\org\glassfish\jaxb\txw2\4.0.3\txw2-4.0.3.jar;C:\Users\PRAVEEN\.m2\repository\com\sun\istack\istack-commons-runtime\4.1.2\istack-commons-runtime-4.1.2.jar;C:\Users\PRAVEEN\.m2\repository\jakarta\inject\jakarta.inject-api\2.0.1\jakarta.inject-api-2.0.1.jar;C:\Users\PRAVEEN\.m2\repository\org\antlr\antlr4-runtime\4.10.1\antlr4-runtime-4.10.1.jar;C:\Users\PRAVEEN\.m2\repository\org\springframework\data\spring-data-jpa\3.2.0-M2\spring-data-jpa-3.2.0-M2.jar;C:\Users\PRAVEEN\.m2\repository\org\springframework\spring-orm\6.1.0-M4\spring-orm-6.1.0-M4.jar;C:\Users\PRAVEEN\.m2\repository\jakarta\annotation\jakarta.annotation-api\2.1.1\jakarta.annotation-api-2.1.1.jar;C:\Users\PRAVEEN\.m2\repository\org\springframework\spring-aspects\6.1.0-M4\spring-aspects-6.1.0-M4.jar;C:\Users\PRAVEEN\.m2\repository\org\springframework\boot\spring-boot-starter-web\3.2.0-M2\spring-boot-starter-web-3.2.0-M2.jar;C:\Users\PRAVEEN\.m2\repository\org\springframework\boot\spring-boot-starter\3.2.0-M2\spring-boot-starter-3.2.0-M2.jar;C:\Users\PRAVEEN\.m2\repository\org\springframework\boot\spring-boot\3.2.0-M2\spring-boot-3.2.0-M2.jar;C:\Users\PRAVEEN\.m2\repository\org\springframework\boot\spring-boot-autoconfigure\3.2.0-M2\spring-boot-autoconfigure-3.2.0-M2.jar;C:\Users\PRAVEEN\.m2\repository\org\springframework\boot\spring-boot-starter-logging\3.2.0-M2\spring-boot-starter-logging-3.2.0-M2.jar;C:\Users\PRAVEEN\.m2\repository\ch\qos\logback\logback-classic\1.4.11\logback-classic-1.4.11.jar;C:\Users\PRAVEEN\.m2\repository\ch\qos\logback\logback-core\1.4.11\logback-core-1.4.11.jar;C:\Users\PRAVEEN\.m2\repository\org\apache\logging\log4j\log4j-to-slf4j\2.20.0\log4j-to-slf4j-2.20.0.jar;C:\Users\PRAVEEN\.m2\repository\org\apache\logging\log4j\log4j-api\2.20.0\log4j-api-2.20.0.jar;C:\Users\PRAVEEN\.m2\repository\org\slf4j\jul-to-slf4j\2.0.7\jul-to-slf4j-2.0.7.jar;C:\Users\PRAVEEN\.m2\repository\org\yaml\snakeyaml\2.1\snakeyaml-2.1.jar;C:\Users\PRAVEEN\.m2\repository\org\springframework\boot\spring-boot-starter-json\3.2.0-M2\spring-boot-starter-json-3.2.0-M2.jar;C:\Users\PRAVEEN\.m2\repository\com\fasterxml\jackson\core\jackson-databind\2.15.2\jackson-databind-2.15.2.jar;C:\Users\PRAVEEN\.m2\repository\com\fasterxml\jackson\core\jackson-annotations\2.15.2\jackson-annotations-2.15.2.jar;C:\Users\PRAVEEN\.m2\repository\com\fasterxml\jackson\core\jackson-core\2.15.2\jackson-core-2.15.2.jar;C:\Users\PRAVEEN\.m2\repository\com\fasterxml\jackson\datatype\jackson-datatype-jdk8\2.15.2\jackson-datatype-jdk8-2.15.2.jar;C:\Users\PRAVEEN\.m2\repository\com\fasterxml\jackson\datatype\jackson-datatype-jsr310\2.15.2\jackson-datatype-jsr310-2.15.2.jar;C:\Users\PRAVEEN\.m2\repository\com\fasterxml\jackson\module\jackson-module-parameter-names\2.15.2\jackson-module-parameter-names-2.15.2.jar;C:\Users\PRAVEEN\.m2\repository\org\springframework\boot\spring-boot-starter-tomcat\3.2.0-M2\spring-boot-starter-tomcat-3.2.0-M2.jar;C:\Users\PRAVEEN\.m2\repository\org\apache\tomcat\embed\tomcat-embed-core\10.1.12\tomcat-embed-core-10.1.12.jar;C:\Users\PRAVEEN\.m2\repository\org\apache\tomcat\embed\tomcat-embed-el\10.1.12\tomcat-embed-el-10.1.12.jar;C:\Users\PRAVEEN\.m2\repository\org\apache\tomcat\embed\tomcat-embed-websocket\10.1.12\tomcat-embed-websocket-10.1.12.jar;C:\Users\PRAVEEN\.m2\repository\org\springframework\spring-web\6.1.0-M4\spring-web-6.1.0-M4.jar;C:\Users\PRAVEEN\.m2\repository\io\micrometer\micrometer-observation\1.12.0-M2\micrometer-observation-1.12.0-M2.jar;C:\Users\PRAVEEN\.m2\repository\io\micrometer\micrometer-commons\1.12.0-M2\micrometer-commons-1.12.0-M2.jar;C:\Users\PRAVEEN\.m2\repository\org\springframework\spring-webmvc\6.1.0-M4\spring-webmvc-6.1.0-M4.jar;C:\Users\PRAVEEN\.m2\repository\org\springframework\spring-expression\6.1.0-M4\spring-expression-6.1.0-M4.jar;C:\Users\PRAVEEN\.m2\repository\org\postgresql\postgresql\42.6.0\postgresql-42.6.0.jar;C:\Users\PRAVEEN\.m2\repository\org\checkerframework\checker-qual\3.31.0\checker-qual-3.31.0.jar;C:\Users\PRAVEEN\.m2\repository\org\springframework\boot\spring-boot-starter-test\3.2.0-M2\spring-boot-starter-test-3.2.0-M2.jar;C:\Users\PRAVEEN\.m2\repository\org\springframework\boot\spring-boot-test\3.2.0-M2\spring-boot-test-3.2.0-M2.jar;C:\Users\PRAVEEN\.m2\repository\org\springframework\boot\spring-boot-test-autoconfigure\3.2.0-M2\spring-boot-test-autoconfigure-3.2.0-M2.jar;C:\Users\PRAVEEN\.m2\repository\com\jayway\jsonpath\json-path\2.8.0\json-path-2.8.0.jar;C:\Users\PRAVEEN\.m2\repository\jakarta\xml\bind\jakarta.xml.bind-api\4.0.0\jakarta.xml.bind-api-4.0.0.jar;C:\Users\PRAVEEN\.m2\repository\jakarta\activation\jakarta.activation-api\2.1.2\jakarta.activation-api-2.1.2.jar;C:\Users\PRAVEEN\.m2\repository\net\minidev\json-smart\2.5.0\json-smart-2.5.0.jar;C:\Users\PRAVEEN\.m2\repository\net\minidev\accessors-smart\2.5.0\accessors-smart-2.5.0.jar;C:\Users\PRAVEEN\.m2\repository\org\ow2\asm\asm\9.3\asm-9.3.jar;C:\Users\PRAVEEN\.m2\repository\org\assertj\assertj-core\3.24.2\assertj-core-3.24.2.jar;C:\Users\PRAVEEN\.m2\repository\org\hamcrest\hamcrest\2.2\hamcrest-2.2.jar;C:\Users\PRAVEEN\.m2\repository\org\junit\jupiter\junit-jupiter\5.10.0\junit-jupiter-5.10.0.jar;C:\Users\PRAVEEN\.m2\repository\org\junit\jupiter\junit-jupiter-api\5.10.0\junit-jupiter-api-5.10.0.jar;C:\Users\PRAVEEN\.m2\repository\org\opentest4j\opentest4j\1.3.0\opentest4j-1.3.0.jar;C:\Users\PRAVEEN\.m2\repository\org\junit\platform\junit-platform-commons\1.10.0\junit-platform-commons-1.10.0.jar;C:\Users\PRAVEEN\.m2\repository\org\apiguardian\apiguardian-api\1.1.2\apiguardian-api-1.1.2.jar;C:\Users\PRAVEEN\.m2\repository\org\junit\jupiter\junit-jupiter-params\5.10.0\junit-jupiter-params-5.10.0.jar;C:\Users\PRAVEEN\.m2\repository\org\junit\jupiter\junit-jupiter-engine\5.10.0\junit-jupiter-engine-5.10.0.jar;C:\Users\PRAVEEN\.m2\repository\org\junit\platform\junit-platform-engine\1.10.0\junit-platform-engine-1.10.0.jar;C:\Users\PRAVEEN\.m2\repository\org\mockito\mockito-core\5.5.0\mockito-core-5.5.0.jar;C:\Users\PRAVEEN\.m2\repository\net\bytebuddy\byte-buddy-agent\1.14.6\byte-buddy-agent-1.14.6.jar;C:\Users\PRAVEEN\.m2\repository\org\objenesis\objenesis\3.3\objenesis-3.3.jar;C:\Users\PRAVEEN\.m2\repository\org\mockito\mockito-junit-jupiter\5.5.0\mockito-junit-jupiter-5.5.0.jar;C:\Users\PRAVEEN\.m2\repository\org\skyscreamer\jsonassert\1.5.1\jsonassert-1.5.1.jar;C:\Users\PRAVEEN\.m2\repository\com\vaadin\external\google\android-json\0.0.20131108.vaadin1\android-json-0.0.20131108.vaadin1.jar;C:\Users\PRAVEEN\.m2\repository\org\springframework\spring-core\6.1.0-M4\spring-core-6.1.0-M4.jar;C:\Users\PRAVEEN\.m2\repository\org\springframework\spring-jcl\6.1.0-M4\spring-jcl-6.1.0-M4.jar;C:\Users\PRAVEEN\.m2\repository\org\springframework\spring-test\6.1.0-M4\spring-test-6.1.0-M4.jar;C:\Users\PRAVEEN\.m2\repository\org\xmlunit\xmlunit-core\2.9.1\xmlunit-core-2.9.1.jar;"/>
    <property name="sun.cpu.endian" value="little"/>
    <property name="user.home" value="C:\Users\PRAVEEN"/>
    <property name="user.language" value="en"/>
    <property name="java.specification.vendor" value="Oracle Corporation"/>
    <property name="java.version.date" value="2023-07-18"/>
    <property name="java.home" value="C:\Program Files\Java\jdk-20"/>
    <property name="file.separator" value="\"/>
    <property name="basedir" value="E:\College\Projects\AcademicHub\server"/>
    <property name="java.vm.compressedOopsMode" value="32-bit"/>
    <property name="line.separator" value="&#10;"/>
    <property name="java.vm.specification.vendor" value="Oracle Corporation"/>
    <property name="java.specification.name" value="Java Platform API Specification"/>
    <property name="FILE_LOG_CHARSET" value="UTF-8"/>
    <property name="java.awt.headless" value="true"/>
    <property name="surefire.real.class.path" value="C:\Users\PRAVEEN\AppData\Local\Temp\surefire2311223540878001140\surefirebooter-20231016074826025_3.jar"/>
    <property name="user.script" value=""/>
    <property name="sun.management.compiler" value="HotSpot 64-Bit Tiered Compilers"/>
    <property name="java.runtime.version" value="20.0.2+9-78"/>
    <property name="user.name" value="PRAVEEN"/>
    <property name="stdout.encoding" value="Cp1252"/>
    <property name="path.separator" value=";"/>
    <property name="os.version" value="10.0"/>
    <property name="java.runtime.name" value="Java(TM) SE Runtime Environment"/>
    <property name="file.encoding" value="UTF-8"/>
    <property name="java.vm.name" value="Java HotSpot(TM) 64-Bit Server VM"/>
    <property name="localRepository" value="C:\Users\PRAVEEN\.m2\repository"/>
    <property name="java.vendor.url.bug" value="https://bugreport.java.com/bugreport/"/>
    <property name="java.io.tmpdir" value="C:\Users\PRAVEEN\AppData\Local\Temp\"/>
    <property name="com.zaxxer.hikari.pool_number" value="1"/>
    <property name="java.version" value="20.0.2"/>
    <property name="user.dir" value="E:\College\Projects\AcademicHub\server"/>
    <property name="os.arch" value="amd64"/>
    <property name="java.vm.specification.name" value="Java Virtual Machine Specification"/>
    <property name="PID" value="14608"/>
    <property name="sun.os.patch.level" value=""/>
    <property name="CONSOLE_LOG_CHARSET" value="UTF-8"/>
    <property name="native.encoding" value="Cp1252"/>
    <property name="java.library.path" value="C:\Program Files\Java\jdk-20\bin;C:\windows\Sun\Java\bin;C:\windows\system32;C:\windows;C:\Program Files\Common Files\Oracle\Java\javapath;C:\App\db_home\bin;C:\windows\system32;C:\windows;C:\windows\System32\Wbem;C:\windows\System32\WindowsPowerShell\v1.0\;C:\windows\System32\OpenSSH\;C:\Program Files (x86)\NVIDIA Corporation\PhysX\Common;C:\Program Files\NVIDIA Corporation\NVIDIA NvDLISR;C:\sqlite;C:\Program Files\nodejs\;C:\Program Files\Git\cmd;C:\mongosh-1.6.0-win32-x64\bin;C:\Program Files\MySQL\MySQL Shell 8.0\bin\;C:\Users\PRAVEEN\AppData\Local\Programs\Python\Python39\Scripts\;C:\Users\PRAVEEN\AppData\Local\Programs\Python\Python39\;C:\Users\PRAVEEN\AppData\Local\Microsoft\WindowsApps;C:\Users\PRAVEEN\AppData\Local\Programs\Microsoft VS Code\bin;C:\Program Files\MinGW\bin;C:\Users\PRAVEEN\AppData\Roaming\npm;C:\Program Files\MongoDB\Server\6.0\bin;;."/>
    <property name="java.vm.info" value="mixed mode, sharing"/>
    <property name="stderr.encoding" value="Cp1252"/>
    <property name="java.vendor" value="Oracle Corporation"/>
    <property name="java.vm.version" value="20.0.2+9-78"/>
    <property name="sun.io.unicode.encoding" value="UnicodeLittle"/>
    <property name="java.class.version" value="64.0"/>
  </properties>
  <testcase name="contextLoads" classname="com.academichub.server.AcademicHubApplicationTests" time="0.734">
    <system-out><![CDATA[07:48:26.889 [main] INFO org.springframework.test.context.support.AnnotationConfigContextLoaderUtils -- Could not detect default configuration classes for test class [com.academichub.server.AcademicHubApplicationTests]: AcademicHubApplicationTests does not declare any static, non-private, non-final, nested classes annotated with @Configuration.
07:48:27.020 [main] INFO org.springframework.boot.test.context.SpringBootTestContextBootstrapper -- Found @SpringBootConfiguration com.academichub.server.AcademicHubApplication for test class com.academichub.server.AcademicHubApplicationTests

  .   ____          _            __ _ _
 /\\ / ___'_ __ _ _(_)_ __  __ _ \ \ \ \
( ( )\___ | '_ | '_| | '_ \/ _` | \ \ \ \
 \\/  ___)| |_)| | | | | || (_| |  ) ) ) )
  '  |____| .__|_| |_|_| |_\__, | / / / /
 =========|_|==============|___/=/_/_/_/
 :: Spring Boot ::             (v3.2.0-M2)

2023-10-16T07:48:27.429+05:30  INFO 14608 --- [           main] c.a.server.AcademicHubApplicationTests   : Starting AcademicHubApplicationTests using Java 20.0.2 with PID 14608 (started by PRAVEEN in E:\College\Projects\AcademicHub\server)
2023-10-16T07:48:27.429+05:30  INFO 14608 --- [           main] c.a.server.AcademicHubApplicationTests   : No active profile set, falling back to 1 default profile: "default"
2023-10-16T07:48:28.044+05:30  INFO 14608 --- [           main] .s.d.r.c.RepositoryConfigurationDelegate : Multiple Spring Data modules found, entering strict repository configuration mode
2023-10-16T07:48:28.044+05:30  INFO 14608 --- [           main] .s.d.r.c.RepositoryConfigurationDelegate : Bootstrapping Spring Data JDBC repositories in DEFAULT mode.
2023-10-16T07:48:28.059+05:30  INFO 14608 --- [           main] .s.d.r.c.RepositoryConfigurationDelegate : Finished Spring Data repository scanning in 16 ms. Found 0 JDBC repository interfaces.
2023-10-16T07:48:28.075+05:30  INFO 14608 --- [           main] .s.d.r.c.RepositoryConfigurationDelegate : Multiple Spring Data modules found, entering strict repository configuration mode
2023-10-16T07:48:28.075+05:30  INFO 14608 --- [           main] .s.d.r.c.RepositoryConfigurationDelegate : Bootstrapping Spring Data JPA repositories in DEFAULT mode.
2023-10-16T07:48:28.090+05:30  INFO 14608 --- [           main] .s.d.r.c.RepositoryConfigurationDelegate : Finished Spring Data repository scanning in 3 ms. Found 0 JPA repository interfaces.
2023-10-16T07:48:28.476+05:30  INFO 14608 --- [           main] com.zaxxer.hikari.HikariDataSource       : HikariPool-1 - Starting...
2023-10-16T07:48:33.055+05:30  INFO 14608 --- [           main] com.zaxxer.hikari.pool.HikariPool        : HikariPool-1 - Added connection org.postgresql.jdbc.PgConnection@40ed1802
2023-10-16T07:48:33.071+05:30  INFO 14608 --- [           main] com.zaxxer.hikari.HikariDataSource       : HikariPool-1 - Start completed.
2023-10-16T07:48:33.120+05:30  INFO 14608 --- [           main] o.hibernate.jpa.internal.util.LogHelper  : HHH000204: Processing PersistenceUnitInfo [name: default]
2023-10-16T07:48:33.214+05:30  INFO 14608 --- [           main] org.hibernate.Version                    : HHH000412: Hibernate ORM core version 6.2.7.Final
2023-10-16T07:48:33.214+05:30  INFO 14608 --- [           main] org.hibernate.cfg.Environment            : HHH000406: Using bytecode reflection optimizer
2023-10-16T07:48:33.339+05:30  INFO 14608 --- [           main] o.h.b.i.BytecodeProviderInitiator        : HHH000021: Bytecode provider name : bytebuddy
2023-10-16T07:48:33.499+05:30  INFO 14608 --- [           main] o.s.o.j.p.SpringPersistenceUnitInfo      : No LoadTimeWeaver setup: ignoring JPA class transformer
2023-10-16T07:48:35.105+05:30  INFO 14608 --- [           main] o.h.b.i.BytecodeProviderInitiator        : HHH000021: Bytecode provider name : bytebuddy
2023-10-16T07:48:35.308+05:30  INFO 14608 --- [           main] o.h.e.t.j.p.i.JtaPlatformInitiator       : HHH000490: Using JtaPlatform implementation: [org.hibernate.engine.transaction.jta.platform.internal.NoJtaPlatform]
2023-10-16T07:48:35.324+05:30  INFO 14608 --- [           main] j.LocalContainerEntityManagerFactoryBean : Initialized JPA EntityManagerFactory for persistence unit 'default'
2023-10-16T07:48:35.546+05:30  WARN 14608 --- [           main] JpaBaseConfiguration$JpaWebConfiguration : spring.jpa.open-in-view is enabled by default. Therefore, database queries may be performed during view rendering. Explicitly configure spring.jpa.open-in-view to disable this warning
2023-10-16T07:48:36.440+05:30  INFO 14608 --- [           main] c.a.server.AcademicHubApplicationTests   : Started AcademicHubApplicationTests in 9.279 seconds (process running for 10.258)
]]></system-out>
  </testcase>
</testsuite>